=== Deploying Kubernetes Resources ===
Namespace: fluss
Demo Image: 343218179954.dkr.ecr.us-west-2.amazonaws.com/fluss-demo:latest
Fluss Image: 343218179954.dkr.ecr.us-west-2.amazonaws.com/fluss

[1/8] Creating namespace...
namespace/fluss unchanged
[2/8] Deploying ZooKeeper...
service/zk-svc unchanged
statefulset.apps/zk unchanged
Waiting for ZooKeeper to be ready...
pod/zk-0 condition met
[3/8] Deploying Fluss via Helm...
Release "fluss" does not exist. Installing it now.
NAME: fluss
LAST DEPLOYED: Tue Nov 25 20:46:56 2025
NAMESPACE: fluss
STATUS: deployed
REVISION: 1
TEST SUITE: None
[4/8] Deploying Flink cluster...
configmap/flink-config created
deployment.apps/flink-jobmanager created
service/flink-jobmanager created
statefulset.apps/flink-taskmanager created
service/flink-taskmanager created
[5/8] Deploying monitoring stack...
namespace/monitoring created
"prometheus-community" has been added to your repositories
Hang tight while we grab the latest from your chart repositories...
...Successfully got an update from the "jetstack" chart repository
...Successfully got an update from the "apache" chart repository
...Successfully got an update from the "flink-operator-repo" chart repository
...Successfully got an update from the "aws-ebs-csi-driver" chart repository
...Successfully got an update from the "streamnative" chart repository
...Successfully got an update from the "clickhouse-operator" chart repository
...Successfully got an update from the "fluss" chart repository
...Successfully got an update from the "prometheus-community" chart repository
...Successfully got an update from the "bitnami" chart repository
Update Complete. ⎈Happy Helming!⎈
Release "prometheus" does not exist. Installing it now.
NAME: prometheus
LAST DEPLOYED: Tue Nov 25 20:48:14 2025
NAMESPACE: monitoring
STATUS: deployed
REVISION: 1
NOTES:
kube-prometheus-stack has been installed. Check its status by running:
  kubectl --namespace monitoring get pods -l "release=prometheus"

Visit https://github.com/prometheus-operator/kube-prometheus for instructions on how to create & configure Alertmanager and Prometheus instances using the Operator.
./deploy.sh: line 96: ring: command not found
error: no objects passed to apply
