=== Deploying Kubernetes Resources ===
Namespace: fluss
Demo Image: 343218179954.dkr.ecr.us-west-2.amazonaws.com/fluss-demo:latest
Fluss Image: 343218179954.dkr.ecr.us-west-2.amazonaws.com/fluss

[1/8] Creating namespace...
namespace/fluss unchanged
[2/8] Deploying ZooKeeper...
service/zk-svc unchanged
statefulset.apps/zk unchanged
Waiting for ZooKeeper to be ready...
pod/zk-0 condition met
[3/8] Deploying Fluss via Helm...
Release "fluss" has been upgraded. Happy Helming!
NAME: fluss
LAST DEPLOYED: Wed Dec  3 15:35:50 2025
NAMESPACE: fluss
STATUS: deployed
REVISION: 2
TEST SUITE: None
[4/8] Deploying Flink cluster...
configmap/flink-config unchanged
deployment.apps/flink-jobmanager configured
service/flink-jobmanager unchanged
statefulset.apps/flink-taskmanager configured
service/flink-taskmanager unchanged
[5/8] Deploying monitoring stack...
namespace/monitoring configured
"prometheus-community" already exists with the same configuration, skipping
Hang tight while we grab the latest from your chart repositories...
...Successfully got an update from the "apache" chart repository
...Successfully got an update from the "clickhouse-operator" chart repository
...Successfully got an update from the "aws-ebs-csi-driver" chart repository
...Successfully got an update from the "streamnative" chart repository
...Successfully got an update from the "fluss" chart repository
...Successfully got an update from the "jetstack" chart repository
...Successfully got an update from the "flink-operator-repo" chart repository
...Successfully got an update from the "prometheus-community" chart repository
...Successfully got an update from the "bitnami" chart repository
Update Complete. ⎈Happy Helming!⎈
Release "prometheus" does not exist. Installing it now.
Error: release: already exists
