=== Deploying Kubernetes Resources ===
Namespace: fluss
Demo Image: 343218179954.dkr.ecr.us-west-2.amazonaws.com/fluss-demo:latest
Fluss Image: 343218179954.dkr.ecr.us-west-2.amazonaws.com/fluss

[1/8] Creating namespace...
namespace/fluss created
[2/8] Deploying ZooKeeper...
service/zk-svc created
statefulset.apps/zk created
Waiting for ZooKeeper to be ready...
pod/zk-0 condition met
[3/8] Deploying Fluss via Helm...
Release "fluss" does not exist. Installing it now.
NAME: fluss
LAST DEPLOYED: Fri Dec  5 13:46:54 2025
NAMESPACE: fluss
STATUS: deployed
REVISION: 1
TEST SUITE: None
[4/8] Deploying Flink cluster...
configmap/flink-config created
deployment.apps/flink-jobmanager created
service/flink-jobmanager created
statefulset.apps/flink-taskmanager created
service/flink-taskmanager created
[5/8] Deploying monitoring stack...
namespace/monitoring created
"prometheus-community" already exists with the same configuration, skipping
Hang tight while we grab the latest from your chart repositories...
...Successfully got an update from the "aws-ebs-csi-driver" chart repository
...Successfully got an update from the "jetstack" chart repository
...Successfully got an update from the "apache" chart repository
...Successfully got an update from the "clickhouse-operator" chart repository
...Successfully got an update from the "streamnative" chart repository
...Successfully got an update from the "fluss" chart repository
...Successfully got an update from the "flink-operator-repo" chart repository
...Successfully got an update from the "prometheus-community" chart repository
...Successfully got an update from the "bitnami" chart repository
Update Complete. ⎈Happy Helming!⎈
Release "prometheus" does not exist. Installing it now.
NAME: prometheus
LAST DEPLOYED: Fri Dec  5 13:47:38 2025
NAMESPACE: monitoring
STATUS: deployed
REVISION: 1
NOTES:
kube-prometheus-stack has been installed. Check its status by running:
  kubectl --namespace monitoring get pods -l "release=prometheus"

Visit https://github.com/prometheus-operator/kube-prometheus for instructions on how to create & configure Alertmanager and Prometheus instances using the Operator.
[6/9] Deploying producer job...
[6.1/9] Creating Fluss table with 48 buckets...
=== Creating Fluss Table with 48 Buckets ===
  Namespace: fluss
  Bootstrap: coordinator-server-hs.fluss.svc.cluster.local:9124
  Database: iot
  Table: sensor_readings
  Buckets: 48
  Image: 343218179954.dkr.ecr.us-west-2.amazonaws.com/fluss-demo:latest

Cleaning up any existing create-table job...
Creating table creation job...
job.batch/fluss-create-table created

Waiting for job to complete...
..................
ERROR: Job failed!
Job logs:
No resources found in fluss namespace.
