=== Deploying Producer Job ===
Namespace: fluss
Image: 343218179954.dkr.ecr.us-west-2.amazonaws.com/fluss-demo:latest
Rate: 20000 records/sec
Flush: every 20000 records
Stats: every 1000 records
Buffer Size: 128mb
Batch Size: 16mb
Memory: 2Gi request, 8Gi limit
CPU: 1000m request, 4000m limit
Bootstrap: coordinator-server-hs.fluss.svc.cluster.local:9124
Database: iot
Table: sensor_readings
Buckets: 3

[1/4] Deleting existing producer job (if any)...
  ℹ No existing job found

[2/4] Deploying producer job...
job.batch/fluss-producer created
service/fluss-producer-metrics created
  ✓ Producer job deployed

[4/4] Producer job status:
NAME             COMPLETIONS   DURATION   AGE
fluss-producer   0/1           2s         2s

NAME                   READY   STATUS            RESTARTS   AGE
fluss-producer-gjkdc   0/1     PodInitializing   0          4s

=== Deployment Complete ===

Monitor producer:
  kubectl get pods -n fluss -l app=fluss-producer
  kubectl logs -n fluss -l app=fluss-producer -f

View producer metrics:
  kubectl port-forward -n fluss svc/fluss-producer-metrics 8080:8080
  Then open: http://localhost:8080/metrics

Delete producer job:
  kubectl delete job -n fluss fluss-producer

